# JRE version: Java(TM) SE Runtime Environment (8.0_221-b11) (build 1.8.0_221-b11)
# Java VM: Java HotSpot(TM) 64-Bit Server VM (25.221-b11 mixed mode bsd-amd64 compressed oops)
Heap:
 PSYoungGen      total 74240K, used 30927K [0x0000000795580000, 0x000000079a780000, 0x00000007c0000000)
  eden space 66048K, 36% used [0x0000000795580000,0x0000000796d11240,0x0000000799600000)
  from space 8192K, 82% used [0x0000000799e80000,0x000000079a522c60,0x000000079a680000)
  to   space 8704K, 50% used [0x0000000799600000,0x0000000799a452f0,0x0000000799e80000)
 ParOldGen       total 87552K, used 4534K [0x0000000740000000, 0x0000000745580000, 0x0000000795580000)
  object space 87552K, 5% used [0x0000000740000000,0x000000074046d868,0x0000000745580000)
 Metaspace       used 19925K, capacity 21184K, committed 21248K, reserved 1069056K
  class space    used 2043K, capacity 2298K, committed 2304K, reserved 1048576K
GC Heap History (10 events):
Event: 1.704 GC heap after
Heap after GC invocations=2 (full 0):
 PSYoungGen      total 38400K, used 4131K [0x0000000795580000, 0x0000000798000000, 0x00000007c0000000)
  eden space 33280K, 0% used [0x0000000795580000,0x0000000795580000,0x0000000797600000)
  from space 5120K, 80% used [0x0000000797b00000,0x0000000797f08cc8,0x0000000798000000)
  to   space 5120K, 0% used [0x0000000797600000,0x0000000797600000,0x0000000797b00000)
 ParOldGen       total 87552K, used 16K [0x0000000740000000, 0x0000000745580000, 0x0000000795580000)
  object space 87552K, 0% used [0x0000000740000000,0x0000000740004000,0x0000000745580000)
 Metaspace       used 11655K, capacity 12094K, committed 12288K, reserved 1060864K
  class space    used 1324K, capacity 1457K, committed 1536K, reserved 1048576K
}
Event: 2.132 GC heap before
{Heap before GC invocations=3 (full 0):
 PSYoungGen      total 38400K, used 37411K [0x0000000795580000, 0x0000000798000000, 0x00000007c0000000)
  eden space 33280K, 100% used [0x0000000795580000,0x0000000797600000,0x0000000797600000)
  from space 5120K, 80% used [0x0000000797b00000,0x0000000797f08cc8,0x0000000798000000)
  to   space 5120K, 0% used [0x0000000797600000,0x0000000797600000,0x0000000797b00000)
 ParOldGen       total 87552K, used 16K [0x0000000740000000, 0x0000000745580000, 0x0000000795580000)
  object space 87552K, 0% used [0x0000000740000000,0x0000000740004000,0x0000000745580000)
 Metaspace       used 12828K, capacity 13316K, committed 13568K, reserved 1060864K
  class space    used 1405K, capacity 1534K, committed 1536K, reserved 1048576K
Event: 2.138 GC heap after
Heap after GC invocations=3 (full 0):
 PSYoungGen      total 38400K, used 4680K [0x0000000795580000, 0x0000000798000000, 0x00000007c0000000)
  eden space 33280K, 0% used [0x0000000795580000,0x0000000795580000,0x0000000797600000)
  from space 5120K, 91% used [0x0000000797600000,0x0000000797a92068,0x0000000797b00000)
  to   space 5120K, 0% used [0x0000000797b00000,0x0000000797b00000,0x0000000798000000)
 ParOldGen       total 87552K, used 24K [0x0000000740000000, 0x0000000745580000, 0x0000000795580000)
  object space 87552K, 0% used [0x0000000740000000,0x0000000740006000,0x0000000745580000)
 Metaspace       used 12828K, capacity 13316K, committed 13568K, reserved 1060864K
  class space    used 1405K, capacity 1534K, committed 1536K, reserved 1048576K
}
Event: 2.417 GC heap before
{Heap before GC invocations=4 (full 0):
 PSYoungGen      total 38400K, used 37960K [0x0000000795580000, 0x0000000798000000, 0x00000007c0000000)
  eden space 33280K, 100% used [0x0000000795580000,0x0000000797600000,0x0000000797600000)
  from space 5120K, 91% used [0x0000000797600000,0x0000000797a92068,0x0000000797b00000)
  to   space 5120K, 0% used [0x0000000797b00000,0x0000000797b00000,0x0000000798000000)
 ParOldGen       total 87552K, used 24K [0x0000000740000000, 0x0000000745580000, 0x0000000795580000)
  object space 87552K, 0% used [0x0000000740000000,0x0000000740006000,0x0000000745580000)
 Metaspace       used 13697K, capacity 14440K, committed 14592K, reserved 1062912K
  class space    used 1526K, capacity 1680K, committed 1792K, reserved 1048576K
Event: 2.424 GC heap after
Heap after GC invocations=4 (full 0):
 PSYoungGen      total 38400K, used 5104K [0x0000000795580000, 0x000000079a080000, 0x00000007c0000000)
  eden space 33280K, 0% used [0x0000000795580000,0x0000000795580000,0x0000000797600000)
  from space 5120K, 99% used [0x0000000797b00000,0x0000000797ffc030,0x0000000798000000)
  to   space 5120K, 0% used [0x0000000797600000,0x0000000797600000,0x0000000797b00000)
 ParOldGen       total 87552K, used 647K [0x0000000740000000, 0x0000000745580000, 0x0000000795580000)
  object space 87552K, 0% used [0x0000000740000000,0x00000007400a1f00,0x0000000745580000)
 Metaspace       used 13697K, capacity 14440K, committed 14592K, reserved 1062912K
  class space    used 1526K, capacity 1680K, committed 1792K, reserved 1048576K
}
Event: 3.091 GC heap before
{Heap before GC invocations=5 (full 0):
 PSYoungGen      total 38400K, used 38384K [0x0000000795580000, 0x000000079a080000, 0x00000007c0000000)
  eden space 33280K, 100% used [0x0000000795580000,0x0000000797600000,0x0000000797600000)
  from space 5120K, 99% used [0x0000000797b00000,0x0000000797ffc030,0x0000000798000000)
  to   space 5120K, 0% used [0x0000000797600000,0x0000000797600000,0x0000000797b00000)
 ParOldGen       total 87552K, used 647K [0x0000000740000000, 0x0000000745580000, 0x0000000795580000)
  object space 87552K, 0% used [0x0000000740000000,0x00000007400a1f00,0x0000000745580000)
 Metaspace       used 15771K, capacity 16840K, committed 17024K, reserved 1064960K
  class space    used 1824K, capacity 2050K, committed 2176K, reserved 1048576K
Event: 3.101 GC heap after
Heap after GC invocations=5 (full 0):
 PSYoungGen      total 38400K, used 5107K [0x0000000795580000, 0x000000079a680000, 0x00000007c0000000)
  eden space 33280K, 0% used [0x0000000795580000,0x0000000795580000,0x0000000797600000)
  from space 5120K, 99% used [0x0000000797600000,0x0000000797afced0,0x0000000797b00000)
  to   space 8192K, 0% used [0x0000000799e80000,0x0000000799e80000,0x000000079a680000)
 ParOldGen       total 87552K, used 2491K [0x0000000740000000, 0x0000000745580000, 0x0000000795580000)
  object space 87552K, 2% used [0x0000000740000000,0x000000074026eef8,0x0000000745580000)
 Metaspace       used 15771K, capacity 16840K, committed 17024K, reserved 1064960K
  class space    used 1824K, capacity 2050K, committed 2176K, reserved 1048576K
}
Event: 3.704 GC heap before
{Heap before GC invocations=6 (full 0):
 PSYoungGen      total 38400K, used 38387K [0x0000000795580000, 0x000000079a680000, 0x00000007c0000000)
  eden space 33280K, 100% used [0x0000000795580000,0x0000000797600000,0x0000000797600000)
  from space 5120K, 99% used [0x0000000797600000,0x0000000797afced0,0x0000000797b00000)
  to   space 8192K, 0% used [0x0000000799e80000,0x0000000799e80000,0x000000079a680000)
 ParOldGen       total 87552K, used 2491K [0x0000000740000000, 0x0000000745580000, 0x0000000795580000)
  object space 87552K, 2% used [0x0000000740000000,0x000000074026eef8,0x0000000745580000)
 Metaspace       used 17710K, capacity 19000K, committed 19200K, reserved 1067008K
  class space    used 2024K, capacity 2298K, committed 2304K, reserved 1048576K
Event: 3.718 GC heap after
Heap after GC invocations=6 (full 0):
 PSYoungGen      total 74240K, used 6795K [0x0000000795580000, 0x000000079a780000, 0x00000007c0000000)
  eden space 66048K, 0% used [0x0000000795580000,0x0000000795580000,0x0000000799600000)
  from space 8192K, 82% used [0x0000000799e80000,0x000000079a522c60,0x000000079a680000)
  to   space 8704K, 0% used [0x0000000799600000,0x0000000799600000,0x0000000799e80000)
 ParOldGen       total 87552K, used 2499K [0x0000000740000000, 0x0000000745580000, 0x0000000795580000)
  object space 87552K, 2% used [0x0000000740000000,0x0000000740270ef8,0x0000000745580000)
 Metaspace       used 17710K, capacity 19000K, committed 19200K, reserved 1067008K
  class space    used 2024K, capacity 2298K, committed 2304K, reserved 1048576K
}
Event: 10623.962 GC heap before
{Heap before GC invocations=7 (full 0):
 PSYoungGen      total 74240K, used 30927K [0x0000000795580000, 0x000000079a780000, 0x00000007c0000000)
  eden space 66048K, 36% used [0x0000000795580000,0x0000000796d110c8,0x0000000799600000)
  from space 8192K, 82% used [0x0000000799e80000,0x000000079a522c60,0x000000079a680000)
  to   space 8704K, 0% used [0x0000000799600000,0x0000000799600000,0x0000000799e80000)
 ParOldGen       total 87552K, used 2499K [0x0000000740000000, 0x0000000745580000, 0x0000000795580000)
  object space 87552K, 2% used [0x0000000740000000,0x0000000740270ef8,0x0000000745580000)
 Metaspace       used 19925K, capacity 21184K, committed 21248K, reserved 1069056K
  class space    used 2043K, capacity 2298K, committed 2304K, reserved 1048576K

